mobile-app/android/app/proguard-rules.pro
# Add project specific ProGuard rules here.

# Keep WebView JavaScript interface
-keepclassmembers class * {
    @android.webkit.JavascriptInterface <methods>;
}

# Keep app classes
-keep class com.dtps.dietary.** { *; }

# Keep Kotlin metadata
-keepattributes *Annotation*
-keep class kotlin.Metadata { *; }