mobile-app/android/app/build/outputs/mapping/release/seeds.txt
mw.dtps.app.MainActivity
mw.dtps.app.DTPSApplication
mw.dtps.app.DTPSFirebaseMessagingService
mw.dtps.app.DTPSApplication: DTPSApplication()
mw.dtps.app.MainActivity$NativeInterface: java.lang.String getFCMToken()
mw.dtps.app.MainActivity$NativeInterface: void log(java.lang.String)
mw.dtps.app.MainActivity$SplashInterface: void onSplashComplete()
mw.dtps.app.MainActivity: MainActivity()
mw.dtps.app.MainActivity$NativeInterface: java.lang.String getDeviceType()
mw.dtps.app.MainActivity$NativeInterface: void refreshFCMToken()
mw.dtps.app.MainActivity$NativeInterface: boolean isNativeApp()
mw.dtps.app.DTPSFirebaseMessagingService: DTPSFirebaseMessagingService()
mw.dtps.app.MainActivity$NativeInterface: void requestNotificationPermission()
...
androidx.appcompat.widget.Toolbar: void setCollapseContentDescription(int)
com.google.firebase.messaging.FirebaseMessagingRegistrar: java.util.List getComponents()
androidx.appcompat.widget.ActionBarContextView: void setTitle(java.lang.CharSequence)
com.google.android.gms.measurement.internal.AppMeasurementDynamiteService: void setMinimumSessionDuration(long)
androidx.appcompat.widget.LinearLayoutCompat: void setMeasureWithLargestChildEnabled(boolean)
androidx.appcompat.widget.AppCompatTextView: android.graphics.PorterDuff$Mode getSupportBackgroundTintMode()
androidx.appcompat.view.menu.ActionMenuItemView: void setIcon(android.graphics.drawable.Drawable)
com.google.android.gms.measurement.AppMeasurement: java.util.List getConditionalUserProperties(java.lang.String,java.lang.String)
com.google.android.material.button.MaterialButton: void setA11yClassName(java.lang.String)
androidx.appcompat.view.menu.ListMenuItemView: void setCheckable(boolean)
androidx.appcompat.widget.ActionBarOverlayLayout: void setWindowTitle(java.lang.CharSequence)
com.google.android.material.textfield.TextInputLayout: android.graphics.drawable.Drawable getPasswordVisibilityToggleDrawable()
androidx.core.widget.NestedScrollView: void setFillViewport(boolean)
androidx.constraintlayout.widget.Barrier: int getType()
androidx.vectordrawable.graphics.drawable.VectorDrawableCompat$VFullPath: void setTrimPathOffset(float)
androidx.appcompat.app.AppCompatDelegate$Api33Impl: void localeManagerSetApplicationLocales(java.lang.Object,android.os.LocaleList)
androidx.appcompat.widget.Toolbar: void setTitleMarginStart(int)
com.google.android.material.internal.ClippableRoundedCornerLayout: ClippableRoundedCornerLayout(android.content.Context,android.util.AttributeSet)
androidx.lifecycle.ReportFragment$LifecycleCallbacks: void onActivityPostResumed(android.app.Activity)
com.google.android.material.textfield.TextInputEditText: void setTextInputLayoutFocusedRectEnabled(boolean)
androidx.appcompat.widget.AppCompatImageView: void setImageLevel(int)
com.google.android.material.button.MaterialButtonToggleGroup: int getFirstVisibleChildIndex()
androidx.core.view.ViewCompat$Api23Impl: androidx.core.view.WindowInsetsCompat getRootWindowInsets(android.view.View)
androidx.constraintlayout.helper.widget.Flow: void setMaxElementsWrap(int)
org.chromium.support_lib_boundary.WebViewProviderFactoryBoundaryInterface: java.lang.reflect.InvocationHandler getDropDataProvider()
com.google.android.material.textfield.TextInputLayout: void setHelperTextColor(android.content.res.ColorStateList)
androidx.core.view.WindowInsetsCompat$Impl20: androidx.core.view.WindowInsetsCompat inset(int,int,int,int)
androidx.fragment.app.SpecialEffectsController$Operation$State: androidx.fragment.app.SpecialEffectsController$Operation$State[] values()
com.google.android.gms.measurement.internal.AppMeasurementDynamiteService: void retrieveAndUploadBatches(com.google.android.gms.internal.measurement.zzdr)
com.google.android.gms.measurement.internal.AppMeasurementDynamiteService: void resetAnalyticsData(long)
androidx.core.view.ViewCompat$Api21Impl: androidx.core.view.WindowInsetsCompat computeSystemWindowInsets(android.view.View,androidx.core.view.WindowInsetsCompat,android.graphics.Rect)
androidx.recyclerview.widget.RecyclerView: void setRecycledViewPool(androidx.recyclerview.widget.RecyclerView$RecycledViewPool)
androidx.core.view.WindowInsetsCompat$BuilderImpl: void setStableInsets(androidx.core.graphics.Insets)
androidx.vectordrawable.graphics.drawable.VectorDrawableCompat$VGroup: float getRotation()
com.google.android.material.internal.NavigationMenuItemView: void setTextColor(android.content.res.ColorStateList)
androidx.appcompat.widget.Toolbar: void setNavigationOnClickListener(android.view.View$OnClickListener)
com.google.android.material.textfield.TextInputLayout: void setPlaceholderTextAppearance(int)