mobile-app/android/app/build/outputs/mapping/release/mapping.txt
# compiler: R8
# compiler_version: 8.8.18
# min_api: 24
# common_typos_disable
# {"id":"com.android.tools.r8.mapping","version":"2.2"}
# pg_map_id: e65de42
# pg_map_hash: SHA-256 e65de42fac08557659c85d4574ecf4075d545dd792a1d6f18396b33baf7ec17a
mw.dtps.app.DTPSApplication -> mw.dtps.app.DTPSApplication:
# {"id":"sourceFile","fileName":"DTPSApplication.kt"}
    1:4:void <init>():12:12 -> <init>
    1:3:void onCreate():21:21 -> onCreate
    4:6:void onCreate():24:24 -> onCreate
    7:12:void createNotificationChannel():35:35 -> onCreate
    7:12:void onCreate():27 -> onCreate
    13:19:void createNotificationChannel():36:36 -> onCreate
    13:19:void onCreate():27 -> onCreate
    20:22:void createNotificationChannel():41:41 -> onCreate
    20:22:void onCreate():27 -> onCreate
    23:25:void createNotificationChannel():42:42 -> onCreate
    23:25:void onCreate():27 -> onCreate
    26:28:void createNotificationChannel():43:43 -> onCreate
    26:28:void onCreate():27 -> onCreate
    29:41:void createNotificationChannel():46:46 -> onCreate
    29:41:void onCreate():27 -> onCreate
    42:44:void createNotificationChannel():47:47 -> onCreate
    42:44:void onCreate():27 -> onCreate
    45:52:void onCreate():31:31 -> onCreate
mw.dtps.app.DTPSFirebaseMessagingService -> mw.dtps.app.DTPSFirebaseMessagingService:
# {"id":"sourceFile","fileName":"DTPSFirebaseMessagingService.kt"}
    1:4:void <init>():20:20 -> <init>
    5:12:java.lang.String com.google.firebase.messaging.RemoteMessage.getFrom():107:107 -> c
    5:12:void onMessageReceived(com.google.firebase.messaging.RemoteMessage):51 -> c
      # {"id":"com.android.tools.r8.residualsignature","signature":"(La2/v;)V"}
    13:31:void onMessageReceived(com.google.firebase.messaging.RemoteMessage):51:51 -> c
    32:52:void onMessageReceived(com.google.firebase.messaging.RemoteMessage):54:54 -> c
    53:73:void onMessageReceived(com.google.firebase.messaging.RemoteMessage):55:55 -> c
    74:80:void onMessageReceived(com.google.firebase.messaging.RemoteMessage):56:56 -> c
    81:94:void handleDataMessage(java.util.Map):114:114 -> c
    81:94:void onMessageReceived(com.google.firebase.messaging.RemoteMessage):56 -> c
    95:115:void handleDataMessage(java.util.Map):115:115 -> c
    95:115:void onMessageReceived(com.google.firebase.messaging.RemoteMessage):56 -> c
    116:128:boolean isAppInForeground():73:73 -> c
    116:128:void handleDataMessage(java.util.Map):118 -> c
    116:128:void onMessageReceived(com.google.firebase.messaging.RemoteMessage):56 -> c
    129:138:boolean isAppInForeground():74:74 -> c
    129:138:void handleDataMessage(java.util.Map):118 -> c
mw.dtps.app.DTPSFirebaseMessagingService$$ExternalSyntheticApiModelOutline9 -> B2.a:
# {"id":"sourceFile","fileName":"R8$$SyntheticClass"}
# {"id":"com.android.tools.r8.synthesized"}
    1:1:int B2.DTPSFirebaseMessagingService$$ExternalSyntheticApiModelOutline9.m(android.content.res.Configuration):0:0 -> a
      # {"id":"com.android.tools.r8.synthesized"}
    1:1:long B2.DTPSFirebaseMessagingService$$ExternalSyntheticApiModelOutline9.m(java.time.Duration):0:0 -> b
      # {"id":"com.android.tools.r8.synthesized"}
    1:1:android.app.NotificationChannel B2.DTPSFirebaseMessagingService$$ExternalSyntheticApiModelOutline9.m(android.app.NotificationManager):0:0 -> c
      # {"id":"com.android.tools.r8.synthesized"}
    1:1:android.app.NotificationChannel B2.DTPSFirebaseMessagingService$$ExternalSyntheticApiModelOutline9.m(android.app.NotificationManager,java.lang.String):0:0 -> d
      # {"id":"com.android.tools.r8.synthesized"}
    1:1:android.app.NotificationChannel B2.DTPSFirebaseMessagingService$$ExternalSyntheticApiModelOutline9.m(java.lang.String):0:0 -> e
      # {"id":"com.android.tools.r8.synthesized"}
    1:1:android.content.Intent B2.DTPSFirebaseMessagingService$$ExternalSyntheticApiModelOutline9.m(android.content.Context,D0.zabx,android.content.IntentFilter,int):0:0 -> f
      # {"id":"com.android.tools.r8.synthesized"}
...
androidx.fragment.app.FragmentManagerImpl -> androidx.fragment.app.G:
# {"id":"sourceFile","fileName":"FragmentManagerImpl.java"}
    androidx.activity.result.ActivityResultLauncher androidx.fragment.app.FragmentManager.mStartIntentSenderForResult -> A
      # {"id":"com.android.tools.r8.residualsignature","signature":"Lb/h;"}
    androidx.activity.result.ActivityResultLauncher androidx.fragment.app.FragmentManager.mRequestPermissions -> B
      # {"id":"com.android.tools.r8.residualsignature","signature":"Lb/h;"}
    java.util.ArrayDeque androidx.fragment.app.FragmentManager.mLaunchedFragments -> C
    boolean androidx.fragment.app.FragmentManager.mNeedMenuInvalidate -> D
    boolean androidx.fragment.app.FragmentManager.mStateSaved -> E
    boolean androidx.fragment.app.FragmentManager.mStopped -> F
    boolean androidx.fragment.app.FragmentManager.mDestroyed -> G
    boolean androidx.fragment.app.FragmentManager.mHavePendingDeferredStart -> H
    java.util.ArrayList androidx.fragment.app.FragmentManager.mTmpRecords -> I
    java.util.ArrayList androidx.fragment.app.FragmentManager.mTmpIsPop -> J
    java.util.ArrayList androidx.fragment.app.FragmentManager.mTmpAddedFragments -> K
    androidx.fragment.app.FragmentManagerViewModel androidx.fragment.app.FragmentManager.mNonConfig -> L
      # {"id":"com.android.tools.r8.residualsignature","signature":"Landroidx/fragment/app/I;"}
    java.lang.Runnable androidx.fragment.app.FragmentManager.mExecCommit -> M
androidx.fragment.app.FragmentManagerState -> androidx.fragment.app.H:
# {"id":"sourceFile","fileName":"FragmentManagerState.java"}
    java.util.ArrayList mActive -> n
    java.util.ArrayList mAdded -> o
    androidx.fragment.app.BackStackRecordState[] mBackStack -> p
      # {"id":"com.android.tools.r8.residualsignature","signature":"[Landroidx/fragment/app/b;"}
    int mBackStackIndex -> q
    java.lang.String mPrimaryNavActiveWho -> r
    java.util.ArrayList mBackStackStateKeys -> s
    java.util.ArrayList mBackStackStates -> t
    java.util.ArrayList mLaunchedFragments -> u
    1:4:void <clinit>():67:67 -> <clinit>
    5:7:void androidx.fragment.app.FragmentManagerState$1.<init>():68:68 -> <clinit>
    5:7:void <clinit>():67 -> <clinit>
    8:10:void <clinit>():67:67 -> <clinit>
    1:5:void writeToParcel(android.os.Parcel,int):57:57 -> writeToParcel
    6:10:void writeToParcel(android.os.Parcel,int):58:58 -> writeToParcel
    11:15:void writeToParcel(android.os.Parcel,int):59:59 -> writeToParcel
    16:20:void writeToParcel(android.os.Parcel,int):60:60 -> writeToParcel
    21:25:void writeToParcel(android.os.Parcel,int):61:61 -> writeToParcel
    26:30:void writeToParcel(android.os.Parcel,int):62:62 -> writeToParcel
    31:35:void writeToParcel(android.os.Parcel,int):63:63 -> writeToParcel
    36:41:void writeToParcel(android.os.Parcel,int):64:64 -> writeToParcel