mobile-app/android/app/build/outputs/mapping/release/usage.txt
mw.dtps.app.BootCompletedReceiver$Companion
mw.dtps.app.BootCompletedReceiver
mw.dtps.app.DTPSApplication:
    private static final java.lang.String CHANNEL_ID
    private static final java.lang.String CHANNEL_NAME
    private static final java.lang.String TAG
mw.dtps.app.DTPSFirebaseMessagingService:
    public static final java.lang.String ACTION_FOREGROUND_NOTIFICATION
    public static final java.lang.String CHANNEL_ID_APPOINTMENTS
    public static final java.lang.String CHANNEL_ID_CALLS
    public static final java.lang.String CHANNEL_ID_DEFAULT
    public static final java.lang.String CHANNEL_ID_MESSAGES
    public static final java.lang.String CHANNEL_ID_PAYMENTS
    public static final java.lang.String CHANNEL_ID_TASKS
    private static final java.lang.String CHANNEL_NAME_APPOINTMENTS
    private static final java.lang.String CHANNEL_NAME_CALLS
    private static final java.lang.String CHANNEL_NAME_DEFAULT
    private static final java.lang.String CHANNEL_NAME_MESSAGES
    private static final java.lang.String CHANNEL_NAME_PAYMENTS
    private static final java.lang.String CHANNEL_NAME_TASKS
    public static final java.lang.String EXTRA_NOTIFICATION_DATA
    private static final java.lang.String TAG
mw.dtps.app.MainActivity:
    private static final java.lang.String APP_URL
    private static final java.lang.String SPLASH_URL
    private static final java.lang.String TAG
mw.dtps.app.R$color
mw.dtps.app.R$drawable:
    public static int ic_offline
    private void <init>()
mw.dtps.app.R$id:
    private void <init>()
mw.dtps.app.R$layout:
    private void <init>()
mw.dtps.app.R$mipmap
mw.dtps.app.R$string
mw.dtps.app.R$style
mw.dtps.app.R$xml
mw.dtps.app.R
mw.dtps.app.databinding.ActivityMainBinding
mw.dtps.app.DTPSApplication$Companion
mw.dtps.app.DTPSApplication:
    public static final mw.dtps.app.DTPSApplication$Companion Companion
    static void <clinit>()
    public static void createNotificationChannel()
mw.dtps.app.DTPSFirebaseMessagingService$Companion
mw.dtps.app.DTPSFirebaseMessagingService:
    public static final mw.dtps.app.DTPSFirebaseMessagingService$Companion Companion
    static void <clinit>()
    public static java.lang.String getChannelForType()
    public static void handleDataMessage()
    public static boolean isAppInForeground()
    public static void sendForegroundNotificationToWebView()
    public static void sendTokenToWebView()
mw.dtps.app.MainActivity$Companion
mw.dtps.app.MainActivity:
    public static final mw.dtps.app.MainActivity$Companion Companion
    public final androidx.activity.result.ActivityResultLauncher combinedPickerLauncher
    public android.widget.TextView offlineText
    public static void hideSplash()
    public static void loadUrl()
    public static void openCamera()
    public static void openGallery()
    public static void requestAllPermissions()
    public static void setupBackHandler()
    public static void setupSplashWebView()
    public static void setupWebView()
    public static void showExitDialog()
    public static void showImagePickerDialog()
    public static void showOfflineView()
    public static void showSplash()
mw.dtps.app.R$drawable
mw.dtps.app.R$id
mw.dtps.app.R$layout
...
com.google.common.reflect.Types$JavaVersion$5
com.google.common.reflect.Types$JavaVersion$6
com.google.common.reflect.Types$JavaVersion
com.google.common.reflect.Types$NativeTypeVariableEquals
com.google.common.reflect.Types$ParameterizedTypeImpl
com.google.common.reflect.Types$TypeVariableImpl
com.google.common.reflect.Types$TypeVariableInvocationHandler
com.google.common.reflect.Types$WildcardTypeImpl
com.google.common.reflect.Types
com.google.common.reflect.package-info
com.google.common.util.concurrent.AbstractCatchingFuture$AsyncCatchingFuture
com.google.common.util.concurrent.AbstractCatchingFuture$CatchingFuture
com.google.common.util.concurrent.AbstractCatchingFuture
com.google.common.util.concurrent.AbstractExecutionThreadService$1$1
com.google.common.util.concurrent.AbstractExecutionThreadService$1$2
com.google.common.util.concurrent.AbstractExecutionThreadService$1
com.google.common.util.concurrent.AbstractExecutionThreadService$2
com.google.common.util.concurrent.AbstractExecutionThreadService
com.google.common.util.concurrent.AbstractFuture$1
com.google.common.util.concurrent.AbstractFuture$AtomicHelper
com.google.common.util.concurrent.AbstractFuture$Cancellation
com.google.common.util.concurrent.AbstractFuture$Failure$1
com.google.common.util.concurrent.AbstractFuture$Failure
com.google.common.util.concurrent.AbstractFuture$Listener
com.google.common.util.concurrent.AbstractFuture$SafeAtomicHelper
com.google.common.util.concurrent.AbstractFuture$SetFuture
com.google.common.util.concurrent.AbstractFuture$SynchronizedHelper
com.google.common.util.concurrent.AbstractFuture$Trusted
com.google.common.util.concurrent.AbstractFuture$TrustedFuture
com.google.common.util.concurrent.AbstractFuture$UnsafeAtomicHelper$1
com.google.common.util.concurrent.AbstractFuture$UnsafeAtomicHelper
com.google.common.util.concurrent.AbstractFuture$Waiter
com.google.common.util.concurrent.AbstractFuture
com.google.common.util.concurrent.AbstractIdleService$1
com.google.common.util.concurrent.AbstractIdleService$DelegateService$1
com.google.common.util.concurrent.AbstractIdleService$DelegateService$2
com.google.common.util.concurrent.AbstractIdleService$DelegateService
com.google.common.util.concurrent.AbstractIdleService$ThreadNameSupplier
com.google.common.util.concurrent.AbstractIdleService
com.google.common.util.concurrent.AbstractListeningExecutorService
com.google.common.util.concurrent.AbstractScheduledService$1
com.google.common.util.concurrent.AbstractScheduledService$1ThreadFactoryImpl
com.google.common.util.concurrent.AbstractScheduledService$Cancellable
com.google.common.util.concurrent.AbstractScheduledService$CustomScheduler$ReschedulableCallable
com.google.common.util.concurrent.AbstractScheduledService$CustomScheduler$Schedule
com.google.common.util.concurrent.AbstractScheduledService$CustomScheduler$SupplantableFuture
com.google.common.util.concurrent.AbstractScheduledService$CustomScheduler
com.google.common.util.concurrent.AbstractScheduledService$FutureAsCancellable
com.google.common.util.concurrent.AbstractScheduledService$Scheduler$1
com.google.common.util.concurrent.AbstractScheduledService$Scheduler$2
com.google.common.util.concurrent.AbstractScheduledService$Scheduler
com.google.common.util.concurrent.AbstractScheduledService$ServiceDelegate$1
com.google.common.util.concurrent.AbstractScheduledService$ServiceDelegate$2
com.google.common.util.concurrent.AbstractScheduledService$ServiceDelegate$3
com.google.common.util.concurrent.AbstractScheduledService$ServiceDelegate$Task
com.google.common.util.concurrent.AbstractScheduledService$ServiceDelegate
com.google.common.util.concurrent.AbstractScheduledService
com.google.common.util.concurrent.AbstractService$1
com.google.common.util.concurrent.AbstractService$2
com.google.common.util.concurrent.AbstractService$3
com.google.common.util.concurrent.AbstractService$4